This file contains any messages produced by compilers while
running configure, to aid debugging if configure makes a mistake.

It was created by curl configure -, which was
generated by GNU Autoconf 2.61.  Invocation command line was

  $ configure --with-ssl

## --------- ##
## Platform. ##
## --------- ##

hostname = 
uname -m = i686
uname -r = 1.5.24(0.156/4/2)
uname -s = CYGWIN_NT-5.2-WOW64
uname -v = 2007-01-31 10:57

/usr/bin/uname -p = unknown
/bin/uname -X     = unknown

/bin/arch              = i686
/usr/bin/arch -k       = i686
/usr/convex/getsysinfo = unknown
/usr/bin/hostinfo      = unknown
/bin/machine           = unknown
/usr/bin/oslevel       = unknown
/bin/universe          = unknown

PATH: /cygdrive/e/Program Files/Microsoft SDKs/Windows/v6.0/VC/Bin/x64
PATH: /cygdrive/e/Program Files/Microsoft SDKs/Windows/v6.0/Bin/x64
PATH: /cygdrive/e/Program Files/Microsoft SDKs/Windows/v6.0/Bin
PATH: /cygdrive/e/WINDOWS/Microsoft.NET/Framework/v2.0.50727
PATH: /cygdrive/e/apps/PSDK/bin
PATH: /cygdrive/e/apps/Microsoft.NET/SDK/v2.0 64bit/Bin
PATH: /cygdrive/e/WINDOWS/Microsoft.NET/Framework64/v2.0.50727
PATH: /cygdrive/e/Program Files/Microsoft Visual Studio 8/VC/bin
PATH: /cygdrive/e/Program Files/Microsoft Visual Studio 8/Common7/IDE
PATH: /cygdrive/e/Program Files/Microsoft Visual Studio 8/VC/vcpackages
PATH: /cygdrive/d/software/PsTools
PATH: /cygdrive/e/Program Files/Eiffel Software/EiffelStudio 6.1 GPL/studio/spec/win64/bin
PATH: /cygdrive/e/WINDOWS/system32
PATH: /cygdrive/e/WINDOWS
PATH: /cygdrive/e/WINDOWS/System32/Wbem
PATH: /usr/bin
PATH: /cygdrive/e/Program Files (x86)/IDM Computer Solutions/UltraEdit-32
PATH: /cygdrive/e/Program Files (x86)/Common Files/Adobe/AGL
PATH: /cygdrive/e/Program Files (x86)/Microsoft SQL Server/90/Tools/binn/
PATH: /cygdrive/e/Program Files (x86)/Java/jre1.6.0_01/bin
PATH: /cygdrive/d/software/svn-win32-1.4.4/bin
PATH: /cygdrive/e/apps/PSDK/Bin/win64/x86/AMD64
PATH: x?


## ----------- ##
## Core tests. ##
## ----------- ##

configure:2054: checking whether to enable maintainer-specific portions of Makefiles
configure:2063: result: no
configure:2081: checking for sed
configure:2100: found /cygdrive/e/Program Files/Eiffel Software/EiffelStudio 6.1 GPL/studio/spec/win64/bin/sed
configure:2113: result: /cygdrive/e/Program Files/Eiffel Software/EiffelStudio 6.1 GPL/studio/spec/win64/bin/sed
configure:2172: checking for ar
configure:2203: result: no
configure:2228: WARNING: ar was not found, this may ruin your chances to build fine
configure:2278: checking for a BSD-compatible install
configure:2334: result: /usr/bin/install -c
configure:2345: checking whether build environment is sane
configure:2388: result: yes
configure:2453: checking for gawk
configure:2469: found /usr/bin/gawk
configure:2480: result: gawk
configure:2491: checking whether make sets $(MAKE)
configure:2516: result: no
configure:2696: checking curl version
configure:2698: result: 
configure:2731: error: cannot run /bin/sh ./config.sub

## ---------------- ##
## Cache variables. ##
## ---------------- ##


## ----------------- ##
## Output variables. ##
## ----------------- ##

ac_ct_CC=''
ACLOCAL='${SHELL} "/cygdrive/c/61dev/C_library/curl-7.17.0/missing" --run aclocal-1.9'
am__fastdepCC_FALSE=''
am__fastdepCC_TRUE=''
am__include=''
am__leading_dot='.'
am__quote=''
am__tar='${AMTAR} chof - "$$tardir"'
am__untar='${AMTAR} xf -'
AMDEP_FALSE=''
AMDEP_TRUE=''
AMDEPBACKSLASH=''
AMTAR='${SHELL} "/cygdrive/c/61dev/C_library/curl-7.17.0/missing" --run tar'
AR='ar-was-not-found-by-configure'
AS=''
AUTOCONF='${SHELL} "/cygdrive/c/61dev/C_library/curl-7.17.0/missing" --run autoconf'
AUTOHEADER='${SHELL} "/cygdrive/c/61dev/C_library/curl-7.17.0/missing" --run autoheader'
AUTOMAKE='${SHELL} "/cygdrive/c/61dev/C_library/curl-7.17.0/missing" --run automake-1.9'
AWK='gawk'
bindir='${exec_prefix}/bin'
build_alias=''
build_cpu=''
build_os=''
build_vendor=''
build=''
CABUNDLE_FALSE=''
CABUNDLE_TRUE=''
CC=''
CCDEPMODE=''
CFLAGS=''
CPP=''
CPPFLAGS=''
CROSSCOMPILING_FALSE=''
CROSSCOMPILING_TRUE=''
CURL_CA_BUNDLE=''
CURL_DISABLE_COOKIES=''
CURL_DISABLE_CRYPTO_AUTH=''
CURL_DISABLE_DICT=''
CURL_DISABLE_FILE=''
CURL_DISABLE_FTP=''
CURL_DISABLE_HTTP=''
CURL_DISABLE_LDAP=''
CURL_DISABLE_LDAPS=''
CURL_DISABLE_TELNET=''
CURL_DISABLE_TFTP=''
CURL_DISABLE_VERBOSE_STRINGS=''
CURL_EXTERN_SYMBOL=''
CURL_HIDDEN_SYMBOLS=''
CURL_LIBS=''
CYGPATH_W='cygpath -w'
datadir='${datarootdir}'
datarootdir='${prefix}/share'
DEFS=''
DEPDIR=''
DLLTOOL=''
docdir='${datarootdir}/doc/${PACKAGE_TARNAME}'
dvidir='${docdir}'
ECHO_C=''
ECHO_N='-n'
ECHO_T=''
ECHO='echo'
EGREP=''
exec_prefix='NONE'
EXEEXT=''
GREP=''
HAVE_ARES=''
HAVE_LIBZ_FALSE=''
HAVE_LIBZ_TRUE=''
HAVE_LIBZ=''
host_alias=''
host_cpu=''
host_os=''
host_vendor=''
host=''
htmldir='${docdir}'
IDN_ENABLED=''
includedir='${prefix}/include'
infodir='${datarootdir}/info'
INSTALL_DATA='${INSTALL} -m 644'
INSTALL_PROGRAM='${INSTALL}'
INSTALL_SCRIPT='${INSTALL}'
install_sh='/cygdrive/c/61dev/C_library/curl-7.17.0/install-sh'
INSTALL_STRIP_PROGRAM='${SHELL} $(install_sh) -c -s'
IPV6_ENABLED=''
KRB4_ENABLED=''
LDFLAGS=''
LIBCURL_LIBS=''
libdir='${exec_prefix}/lib'
libexecdir='${exec_prefix}/libexec'
LIBOBJS=''
LIBS=''
LIBTOOL=''
LN_S=''
localedir='${datarootdir}/locale'
localstatedir='${prefix}/var'
LTLIBOBJS=''
MAINT='#'
MAINTAINER_MODE_FALSE=''
MAINTAINER_MODE_TRUE='#'
MAKEINFO='${SHELL} "/cygdrive/c/61dev/C_library/curl-7.17.0/missing" --run makeinfo'
mandir='${datarootdir}/man'
MANOPT=''
MIMPURE_FALSE=''
MIMPURE_TRUE=''
mkdir_p='mkdir -p --'
NO_UNDEFINED_FALSE=''
NO_UNDEFINED_TRUE=''
NROFF=''
OBJDUMP=''
OBJEXT=''
oldincludedir='/usr/include'
PACKAGE_BUGREPORT='a suitable curl mailing list => http://curl.haxx.se/mail/'
PACKAGE_NAME='curl'
PACKAGE_STRING='curl -'
PACKAGE_TARNAME='curl'
PACKAGE_VERSION='-'
PACKAGE='curl'
PATH_SEPARATOR=':'
pdfdir='${docdir}'
PERL=''
PKGADD_NAME='cURL - a client that groks URLs'
PKGADD_PKG='HAXXcurl'
PKGADD_VENDOR='curl.haxx.se'
PKGCONFIG=''
prefix='NONE'
program_transform_name=''
psdir='${docdir}'
RANDOM_FILE=''
RANLIB=''
REQUIRE_LIB_DEPS=''
sbindir='${exec_prefix}/sbin'
SED='/cygdrive/e/Program Files/Eiffel Software/EiffelStudio 6.1 GPL/studio/spec/win64/bin/sed'
SET_MAKE='MAKE=make'
sharedstatedir='${prefix}/com'
SHELL='/bin/sh'
STRIP=''
subdirs=''
sysconfdir='${prefix}/etc'
target_alias=''
TEST_SERVER_LIBS=''
USE_GNUTLS=''
USE_MANUAL_FALSE=''
USE_MANUAL_TRUE=''
USE_NSS=''
USE_SSLEAY=''
USE_WINDOWS_SSPI=''
VERSION=''
VERSIONNUM=''

## ----------- ##
## confdefs.h. ##
## ----------- ##

#define PACKAGE_NAME "curl"
#define PACKAGE_TARNAME "curl"
#define PACKAGE_VERSION "-"
#define PACKAGE_STRING "curl -"
#define PACKAGE_BUGREPORT "a suitable curl mailing list => http://curl.haxx.se/mail/"
#define PACKAGE "curl"
#define VERSION ""

configure: exit 1
