
ec.exe: system execution failed.
Following is the set of recorded exceptions:

-------------------------------------------------------------------------------
Class / Object      Routine                Nature of exception           Effect
-------------------------------------------------------------------------------
CLASS_C             feature_with_name      Segmentation violation:      
<021CFAA8>                                 Operating system signal.      Fail
-------------------------------------------------------------------------------
CLASS_C             feature_with_name                                   
<021CFAA8>                                 Routine failure.              Fail
-------------------------------------------------------------------------------
EB_CLICK_AND_COMPLE searched_feature                                    
<03F56908>          (From EB_CLASS_INFO_A) Routine failure.              Fail
-------------------------------------------------------------------------------
EB_CLICK_AND_COMPLE stone_at_position                                   
<03F56908>                                 Routine failure.              Fail
-------------------------------------------------------------------------------
EB_SMART_EDITOR     stone_at                                            
<026265C0>                                 Routine failure.              Fail
-------------------------------------------------------------------------------
EB_SMART_EDITOR     pebble_from_x_y                                     
<026265C0>          (From EB_EDITOR_GRAPH) Routine failure.              Fail
-------------------------------------------------------------------------------
FUNCTION            apply                                               
<02AF51D8>                                 Routine failure.              Fail
-------------------------------------------------------------------------------
FUNCTION            call                                                
<02AF51D8>          (From ROUTINE)         Routine failure.              Fail
-------------------------------------------------------------------------------
EV_DRAWING_AREA_IMP query_pebble_function                               
<02AF3C70>          (From EV_PICK_AND_DRO) Routine failure.              Fail
-------------------------------------------------------------------------------
EV_TITLED_WINDOW_IM source_at_pointer_posi                              
<02616A58>          (From EV_WINDOW_IMP)   Routine failure.              Fail
-------------------------------------------------------------------------------
EV_TITLED_WINDOW_IM on_wm_mouseactivate                                 
<02616A58>          (From EV_WINDOW_IMP)   Routine failure.              Fail
-------------------------------------------------------------------------------
EV_TITLED_WINDOW_IM default_process_messag                              
<02616A58>          (From EV_WINDOW_IMP)   Routine failure.              Fail
-------------------------------------------------------------------------------
EV_TITLED_WINDOW_IM window_process_message                              
<02616A58>          (From WEL_WINDOW)      Routine failure.              Fail
-------------------------------------------------------------------------------
EV_TITLED_WINDOW_IM process_message                                     
<02616A58>          (From WEL_COMPOSITE_W) Routine failure.              Fail
-------------------------------------------------------------------------------
WEL_DISPATCHER      window_procedure                                    
<01ED3B08>                                 Routine failure.              Fail
-------------------------------------------------------------------------------
WEL_DISPATCHER      window_procedure                                    
<01ED3B08>                                 Routine failure.              Fail
-------------------------------------------------------------------------------
WEL_DISPATCHER      window_procedure                                    
<01ED3B08>                                 Routine failure.              Fail
-------------------------------------------------------------------------------
WEL_DISPATCHER      window_procedure                                    
<01ED3B08>                                 Routine failure.              Fail
-------------------------------------------------------------------------------
WEL_DISPATCHER      window_procedure                                    
<01ED3B08>                                 Routine failure.              Fail
-------------------------------------------------------------------------------
WEL_DISPATCHER      window_procedure                                    
<01ED3B08>                                 Routine failure.              Fail
-------------------------------------------------------------------------------
WEL_DISPATCHER      window_procedure                                    
<01ED3B08>                                 Routine failure.              Fail
-------------------------------------------------------------------------------
WEL_DISPATCHER      window_procedure                                    
<01ED3B08>                                 Routine failure.              Fail
-------------------------------------------------------------------------------
WEL_DISPATCHER      window_procedure                                    
<01ED3B08>                                 Routine failure.              Fail
-------------------------------------------------------------------------------
WEL_DISPATCHER      window_procedure                                    
<01ED3B08>                                 Routine failure.              Fail
-------------------------------------------------------------------------------
WEL_MSG             peek_all                                            
<02208F38>                                 Routine failure.              Fail
-------------------------------------------------------------------------------
EDITOR_CURSOR       make_from_absolute_pos                              
<02252FA8>                                 Routine failure.              Fail
-------------------------------------------------------------------------------
EB_CLICKABLE_EDITOR on_mouse_move                                       
<02B69888>          (From EB_EDITOR_GRAPH) Routine failure.              Fail
-------------------------------------------------------------------------------
PROCEDURE           apply                                               
<02B6AF48>                                 Routine failure.              Fail
-------------------------------------------------------------------------------
PROCEDURE           call                                                
<02B6AF48>          (From ROUTINE)         Routine failure.              Fail
-------------------------------------------------------------------------------
EV_POINTER_MOTION_A call                                                
<02B6AEF8>          (From ACTION_SEQUENCE) Routine failure.              Fail
-------------------------------------------------------------------------------
EV_DRAWING_AREA_IMP on_mouse_move                                       
<02B6AD50>          (From EV_WIDGET_IMP)   Routine failure.              Fail
-------------------------------------------------------------------------------
EV_DRAWING_AREA_IMP window_process_message                              
<02B6AD50>          (From WEL_WINDOW)      Routine failure.              Fail
-------------------------------------------------------------------------------
EV_DRAWING_AREA_IMP process_message                                     
<02B6AD50>          (From WEL_COMPOSITE_W) Routine failure.              Fail
-------------------------------------------------------------------------------
WEL_DISPATCHER      window_procedure                                    
<01ED3B08>                                 Routine failure.              Fail
-------------------------------------------------------------------------------
WEL_MSG             peek_all                                            
<02208F38>                                 Routine failure.              Fail
-------------------------------------------------------------------------------
EV_APPLICATION_IMP  message_loop                                        
<01ED3A88>                                 Routine failure.              Fail
-------------------------------------------------------------------------------
EV_APPLICATION_IMP  run                                                 
<01ED3A88>                                 Routine failure.              Fail
-------------------------------------------------------------------------------
EV_APPLICATION_IMP  launch                                              
<01ED3A88>                                 Routine failure.              Fail
-------------------------------------------------------------------------------
ES_GRAPHIC          launch                                              
<01ED3A78>          (From EV_APPLICATION)  Routine failure.              Fail
-------------------------------------------------------------------------------
ES_GRAPHIC          make_and_launch                                     
<01ED3A78>                                 Routine failure.              Fail
-------------------------------------------------------------------------------
EB_KERNEL           make                                                
<01ED3940>                                 Routine failure.              Rescue
-------------------------------------------------------------------------------
EB_KERNEL           root's creation                                     
<01ED3940>                                 Routine failure.              Exit
-------------------------------------------------------------------------------


ec.exe: PANIC: caught signal #11 (Segmentation violation) -- Giving up...
